<?xml version="1.0" encoding="UTF-8"?>
<testsuite xmlns:xsi="http://www.w3.org/2001/XMLSchema-instance" xsi:schemaLocation="https://maven.apache.org/surefire/maven-surefire-plugin/xsd/surefire-test-report.xsd" name="net.training_bdd.RunnerTest" time="13.863" tests="12" errors="2" skipped="2" failures="0">
  <properties>
    <property name="idea.version" value="2016.2.4"/>
    <property name="java.runtime.name" value="Java(TM) SE Runtime Environment"/>
    <property name="sun.boot.library.path" value="E:\Java\jdk1.8.0_60\jre\bin"/>
    <property name="java.vm.version" value="25.60-b23"/>
    <property name="java.vm.vendor" value="Oracle Corporation"/>
    <property name="java.vendor.url" value="http://java.oracle.com/"/>
    <property name="path.separator" value=";"/>
    <property name="guice.disable.misplaced.annotation.check" value="true"/>
    <property name="java.vm.name" value="Java HotSpot(TM) 64-Bit Server VM"/>
    <property name="file.encoding.pkg" value="sun.io"/>
    <property name="idea.launcher.port" value="7532"/>
    <property name="user.script" value=""/>
    <property name="user.country" value="US"/>
    <property name="sun.java.launcher" value="SUN_STANDARD"/>
    <property name="sun.os.patch.level" value=""/>
    <property name="java.vm.specification.name" value="Java Virtual Machine Specification"/>
    <property name="user.dir" value="E:\TEMP\BDD_Samples"/>
    <property name="java.runtime.version" value="1.8.0_60-b27"/>
    <property name="java.awt.graphicsenv" value="sun.awt.Win32GraphicsEnvironment"/>
    <property name="java.endorsed.dirs" value="E:\Java\jdk1.8.0_60\jre\lib\endorsed"/>
    <property name="os.arch" value="amd64"/>
    <property name="java.io.tmpdir" value="C:\Users\JULIAN~1\AppData\Local\Temp\"/>
    <property name="line.separator" value="&#10;"/>
    <property name="java.vm.specification.vendor" value="Oracle Corporation"/>
    <property name="user.variant" value=""/>
    <property name="os.name" value="Windows 10"/>
    <property name="classworlds.conf" value="E:\Program Files\IntelliJ IDEA Community Edition 2016.2.2\plugins\maven\lib\maven3\bin\m2.conf"/>
    <property name="sun.jnu.encoding" value="Cp1252"/>
    <property name="java.library.path" value="E:\Java\jdk1.8.0_60\bin;C:\WINDOWS\Sun\Java\bin;C:\WINDOWS\system32;C:\WINDOWS;C:\Python27\;C:\Python27\Scripts;C:\ProgramData\Oracle\Java\javapath;C:\Program Files (x86)\Intel\iCLS Client\;C:\Program Files\Intel\iCLS Client\;C:\Windows\system32;C:\Windows;C:\Windows\System32\Wbem;C:\Windows\System32\WindowsPowerShell\v1.0\;C:\Program Files\Intel\Intel(R) Management Engine Components\DAL;C:\Program Files\Intel\Intel(R) Management Engine Components\IPT;C:\Program Files (x86)\Intel\Intel(R) Management Engine Components\DAL;C:\Program Files (x86)\Intel\Intel(R) Management Engine Components\IPT;C:\Program Files (x86)\NVIDIA Corporation\PhysX\Common;C:\Program Files (x86)\QuickTime\QTSystem\;C:\WINDOWS\system32;C:\WINDOWS;C:\WINDOWS\System32\Wbem;C:\WINDOWS\System32\WindowsPowerShell\v1.0\;C:\Program Files\Git\cmd;E:\Java\apache-maven-3.3.9\bin;E:\Java\jdk1.8.0_60\bin;E:\Java;C:\Python27\Scripts;E:\Java\apache-maven-3.3.9\bin;C:\Users\Juliano Amaral\AppData\Local\Microsoft\WindowsApps;;."/>
    <property name="java.specification.name" value="Java Platform API Specification"/>
    <property name="java.class.version" value="52.0"/>
    <property name="sun.management.compiler" value="HotSpot 64-Bit Tiered Compilers"/>
    <property name="os.version" value="10.0"/>
    <property name="user.home" value="C:\Users\Juliano Amaral"/>
    <property name="user.timezone" value="America/New_York"/>
    <property name="java.awt.printerjob" value="sun.awt.windows.WPrinterJob"/>
    <property name="java.specification.version" value="1.8"/>
    <property name="idea.launcher.bin.path" value="E:\Program Files\IntelliJ IDEA Community Edition 2016.2.2\bin"/>
    <property name="file.encoding" value="UTF-8"/>
    <property name="user.name" value="Juliano"/>
    <property name="java.class.path" value="E:\Program Files\IntelliJ IDEA Community Edition 2016.2.2\plugins\maven\lib\maven3\boot\plexus-classworlds-2.4.jar;E:\Program Files\IntelliJ IDEA Community Edition 2016.2.2\lib\idea_rt.jar"/>
    <property name="java.vm.specification.version" value="1.8"/>
    <property name="sun.arch.data.model" value="64"/>
    <property name="java.home" value="E:\Java\jdk1.8.0_60\jre"/>
    <property name="sun.java.command" value="com.intellij.rt.execution.application.AppMain org.codehaus.classworlds.Launcher -Didea.version=2016.2.4 clean verify"/>
    <property name="java.specification.vendor" value="Oracle Corporation"/>
    <property name="user.language" value="en"/>
    <property name="awt.toolkit" value="sun.awt.windows.WToolkit"/>
    <property name="java.vm.info" value="mixed mode"/>
    <property name="java.version" value="1.8.0_60"/>
    <property name="java.ext.dirs" value="E:\Java\jdk1.8.0_60\jre\lib\ext;C:\WINDOWS\Sun\Java\lib\ext"/>
    <property name="sun.boot.class.path" value="E:\Java\jdk1.8.0_60\jre\lib\resources.jar;E:\Java\jdk1.8.0_60\jre\lib\rt.jar;E:\Java\jdk1.8.0_60\jre\lib\sunrsasign.jar;E:\Java\jdk1.8.0_60\jre\lib\jsse.jar;E:\Java\jdk1.8.0_60\jre\lib\jce.jar;E:\Java\jdk1.8.0_60\jre\lib\charsets.jar;E:\Java\jdk1.8.0_60\jre\lib\jfr.jar;E:\Java\jdk1.8.0_60\jre\classes"/>
    <property name="java.vendor" value="Oracle Corporation"/>
    <property name="maven.home" value="E:\Program Files\IntelliJ IDEA Community Edition 2016.2.2\plugins\maven\lib\maven3"/>
    <property name="file.separator" value="\"/>
    <property name="java.vendor.url.bug" value="http://bugreport.sun.com/bugreport/"/>
    <property name="sun.cpu.endian" value="little"/>
    <property name="sun.io.unicode.encoding" value="UnicodeLittle"/>
    <property name="sun.desktop" value="windows"/>
    <property name="sun.cpu.isalist" value="amd64"/>
  </properties>
  <testcase name="Given the user navigates to Google home page" classname="Scenario: Make a default Google search" time="0.001"/>
  <testcase name="When the user performs a search for &apos;Cucumber BDD&apos;" classname="Scenario: Make a default Google search" time="0"/>
  <testcase name="Then they should see that the search was performed" classname="Scenario: Make a default Google search" time="0"/>
  <testcase name="Scenario: Make a default Google search" classname="Scenario: Make a default Google search" time="0"/>
  <testcase name="Given Google home page URL is provided using environment variables" classname="Scenario: Make a Google search using environment variables" time="0.005">
    <error message="null value in entry: url=null" type="java.lang.NullPointerException">java.lang.NullPointerException: null value in entry: url=null
</error>
    <system-out><![CDATA[
  @HardCodedSearch
  Scenario: Make a default Google search               &amp#27;[90m# SearchByKeyword.feature:11&amp#27;[0m
    &amp#27;[32mGiven &amp#27;[0m&amp#27;[32mthe user navigates to Google home page&amp#27;[0m       &amp#27;[90m# SearchByKeywordStepDefinitions.theUserIsOnTheGoogleHomePage()&amp#27;[0m
    &amp#27;[32mWhen &amp#27;[0m&amp#27;[32mthe user performs a search for '&amp#27;[0m&amp#27;[32m&amp#27;[1mCucumber BDD&amp#27;[0m&amp#27;[32m'&amp#27;[0m &amp#27;[90m# SearchByKeywordStepDefinitions.theUserPerformsASearchByKeyword(String)&amp#27;[0m
    &amp#27;[32mThen &amp#27;[0m&amp#27;[32mthey should see that the search was performed&amp#27;[0m &amp#27;[90m# SearchByKeywordStepDefinitions.theyShouldSeeThatTheSearchWasPerformed()&amp#27;[0m
]]></system-out>
    <system-err><![CDATA[Starting ChromeDriver 2.23.409699 (49b0fa931cda1caad0ae15b7d1b68004acd05129) on port 13330
Only local connections are allowed.
]]></system-err>
  </testcase>
  <testcase name="Scenario: Make a Google search using environment variables" classname="Scenario: Make a Google search using environment variables" time="0.005">
    <error message="null value in entry: url=null" type="java.lang.NullPointerException">java.lang.NullPointerException: null value in entry: url=null
</error>
  </testcase>
  <testcase name="When the user performs a search for &apos;Cucumber BDD&apos;" classname="Scenario: Make a Google search using environment variables" time="0">
    <skipped/>
  </testcase>
  <testcase name="Then they should see that the search was performed" classname="Scenario: Make a Google search using environment variables" time="0">
    <skipped/>
  </testcase>
  <testcase name="Given Google home page URL is provided using a properties file" classname="Scenario: Make a Google search using a properties file" time="0"/>
  <testcase name="When the user performs a search for &apos;Cucumber BDD&apos;" classname="Scenario: Make a Google search using a properties file" time="0"/>
  <testcase name="Then they should see that the search was performed" classname="Scenario: Make a Google search using a properties file" time="0"/>
  <testcase name="Scenario: Make a Google search using a properties file" classname="Scenario: Make a Google search using a properties file" time="0.001"/>
</testsuite>